<?xml version="1.0" encoding="UTF-8"?>
<!-- Generated by org.testng.reporters.JUnitReportReporter -->
<testsuite hostname="DESKTOP-L34753V" failures="0" tests="58" name="tests.PersonalInfoTest" time="46.922" errors="0" timestamp="2024-12-02T15:03:47 IST" skipped="0">
  <testcase classname="tests.PersonalInfoTest" name="Showinstitude" time="0.362"/>
  <system-out/>
  <testcase classname="tests.PersonalInfoTest" name="Selectinstitude" time="0.691"/>
  <system-out/>
  <testcase classname="tests.PersonalInfoTest" name="ShowRole" time="0.360"/>
  <system-out/>
  <testcase classname="tests.PersonalInfoTest" name="SelectRole" time="1.112"/>
  <system-out/>
  <testcase classname="tests.PersonalInfoTest" name="SelectAdmission" time="0.589"/>
  <system-out/>
  <testcase classname="tests.PersonalInfoTest" name="AdmissionPortal" time="0.540"/>
  <system-out/>
  <testcase classname="tests.PersonalInfoTest" name="Applied" time="0.925"/>
  <system-out/>
  <testcase classname="tests.PersonalInfoTest" name="ViewApplication" time="0.781"/>
  <system-out/>
  <testcase classname="tests.PersonalInfoTest" name="PersonalView" time="0.779"/>
  <system-out/>
  <testcase classname="tests.PersonalInfoTest" name="PersonalEdit" time="3.811"/>
  <system-out/>
  <testcase classname="tests.PersonalInfoTest" name="Mr" time="0.886"/>
  <system-out/>
  <testcase classname="tests.PersonalInfoTest" name="MrSelect" time="0.473"/>
  <system-out/>
  <testcase classname="tests.PersonalInfoTest" name="PersonalFirstName" time="0.872"/>
  <system-out/>
  <testcase classname="tests.PersonalInfoTest" name="PersonalMiddleName" time="0.520"/>
  <system-out/>
  <testcase classname="tests.PersonalInfoTest" name="PersonalLastName" time="0.532"/>
  <system-out/>
  <testcase classname="tests.PersonalInfoTest" name="MotherNameP" time="0.590"/>
  <system-out/>
  <testcase classname="tests.PersonalInfoTest" name="PersonalEmail" time="1.998"/>
  <system-out/>
  <testcase classname="tests.PersonalInfoTest" name="DOB" time="0.379"/>
  <system-out/>
  <testcase classname="tests.PersonalInfoTest" name="DOBSelect" time="1.467"/>
  <system-out/>
  <testcase classname="tests.PersonalInfoTest" name="Male" time="0.458"/>
  <system-out/>
  <testcase classname="tests.PersonalInfoTest" name="Contact" time="2.153"/>
  <system-out/>
  <testcase classname="tests.PersonalInfoTest" name="AddContact" time="1.889"/>
  <system-out/>
  <testcase classname="tests.PersonalInfoTest" name="WhatsApp" time="1.187"/>
  <system-out/>
  <testcase classname="tests.PersonalInfoTest" name="AddressLine1" time="0.917"/>
  <system-out/>
  <testcase classname="tests.PersonalInfoTest" name="AddressLine2" time="0.680"/>
  <system-out/>
  <testcase classname="tests.PersonalInfoTest" name="Country" time="0.267"/>
  <system-out/>
  <testcase classname="tests.PersonalInfoTest" name="India" time="0.750"/>
  <system-out/>
  <testcase classname="tests.PersonalInfoTest" name="StateP" time="0.367"/>
  <system-out/>
  <testcase classname="tests.PersonalInfoTest" name="Maharashtra" time="0.848"/>
  <system-out/>
  <testcase classname="tests.PersonalInfoTest" name="District" time="0.921"/>
  <system-out/>
  <testcase classname="tests.PersonalInfoTest" name="Kolhapur" time="0.555"/>
  <system-out/>
  <testcase classname="tests.PersonalInfoTest" name="Town" time="0.739"/>
  <system-out/>
  <testcase classname="tests.PersonalInfoTest" name="PinCodeP" time="0.718"/>
  <system-out/>
  <testcase classname="tests.PersonalInfoTest" name="ChackAddress" time="0.356"/>
  <system-out/>
  <testcase classname="tests.PersonalInfoTest" name="Nationality" time="0.721"/>
  <system-out/>
  <testcase classname="tests.PersonalInfoTest" name="Indian" time="0.582"/>
  <system-out/>
  <testcase classname="tests.PersonalInfoTest" name="IsMinority" time="0.449"/>
  <system-out/>
  <testcase classname="tests.PersonalInfoTest" name="MinorityNo" time="0.613"/>
  <system-out/>
  <testcase classname="tests.PersonalInfoTest" name="Religion" time="0.367"/>
  <system-out/>
  <testcase classname="tests.PersonalInfoTest" name="Hindu" time="0.506"/>
  <system-out/>
  <testcase classname="tests.PersonalInfoTest" name="Caste" time="0.851"/>
  <system-out/>
  <testcase classname="tests.PersonalInfoTest" name="Other" time="0.291"/>
  <system-out/>
  <testcase classname="tests.PersonalInfoTest" name="OtherCaste" time="2.148"/>
  <system-out/>
  <testcase classname="tests.PersonalInfoTest" name="Catagory" time="0.502"/>
  <system-out/>
  <testcase classname="tests.PersonalInfoTest" name="Open" time="0.732"/>
  <system-out/>
  <testcase classname="tests.PersonalInfoTest" name="MotherTongue" time="1.454"/>
  <system-out/>
  <testcase classname="tests.PersonalInfoTest" name="Hindi" time="0.204"/>
  <system-out/>
  <testcase classname="tests.PersonalInfoTest" name="Language" time="0.303"/>
  <system-out/>
  <testcase classname="tests.PersonalInfoTest" name="SelectedLanguage" time="0.068"/>
  <system-out/>
  <testcase classname="tests.PersonalInfoTest" name="Facebook" time="0.960"/>
  <system-out/>
  <testcase classname="tests.PersonalInfoTest" name="Linkedin" time="0.839"/>
  <system-out/>
  <testcase classname="tests.PersonalInfoTest" name="Twitter" time="0.874"/>
  <system-out/>
  <testcase classname="tests.PersonalInfoTest" name="Instagram" time="0.768"/>
  <system-out/>
  <testcase classname="tests.PersonalInfoTest" name="SelectedLanguage2" time="0.213"/>
  <system-out/>
  <testcase classname="tests.PersonalInfoTest" name="Profile" time="0.394"/>
  <system-out/>
  <testcase classname="tests.PersonalInfoTest" name="Confirm" time="1.285"/>
  <system-out/>
  <testcase classname="tests.PersonalInfoTest" name="Signature" time="0.114"/>
  <system-out/>
  <testcase classname="tests.PersonalInfoTest" name="Confirm2" time="1.212"/>
  <system-out/>
</testsuite> <!-- tests.PersonalInfoTest -->
