<?xml version="1.0" encoding="UTF-8"?>
<!-- Generated by org.testng.reporters.JUnitReportReporter -->
<testsuite hostname="DESKTOP-L34753V" failures="0" tests="8" name="tests.BooksTest" time="4.340" errors="0" timestamp="2024-10-02T11:49:50 IST" skipped="0">
  <testcase classname="tests.BooksTest" name="CGlogin" time="0.528"/>
  <system-out/>
  <testcase classname="tests.BooksTest" name="ShowInstitudes" time="1.893"/>
  <system-out/>
  <testcase classname="tests.BooksTest" name="Selectinstitudes" time="0.445"/>
  <system-out/>
  <testcase classname="tests.BooksTest" name="ShowRoles" time="0.072"/>
  <system-out/>
  <testcase classname="tests.BooksTest" name="SelectRoles" time="0.105"/>
  <system-out/>
  <testcase classname="tests.BooksTest" name="Portfolios" time="0.278"/>
  <system-out/>
  <testcase classname="tests.BooksTest" name="SelectBooks" time="0.136"/>
  <system-out/>
  <testcase classname="tests.BooksTest" name="AddNewBooks" time="0.883"/>
  <system-out/>
</testsuite> <!-- tests.BooksTest -->
