<?xml version="1.0" encoding="UTF-8"?>
<!-- Generated by org.testng.reporters.JUnitReportReporter -->
<testsuite hostname="DESKTOP-L34753V" failures="0" tests="10" name="tests.DataProviderMethod" time="0.034" errors="0" timestamp="2024-11-02T09:43:33 IST" skipped="0">
  <testcase classname="tests.DataProviderMethod" name="testLogin" time="0.001"/>
  <system-out/>
  <testcase classname="tests.DataProviderMethod" name="testLogin" time="0.002"/>
  <system-out/>
  <testcase classname="tests.DataProviderMethod" name="testLogin" time="0.002"/>
  <system-out/>
  <testcase classname="tests.DataProviderMethod" name="testLogin" time="0.002"/>
  <system-out/>
  <testcase classname="tests.DataProviderMethod" name="testLogin" time="0.017"/>
  <system-out/>
  <testcase classname="tests.DataProviderMethod" name="testLogin" time="0.002"/>
  <system-out/>
  <testcase classname="tests.DataProviderMethod" name="testLogin" time="0.003"/>
  <system-out/>
  <testcase classname="tests.DataProviderMethod" name="testLogin" time="0.002"/>
  <system-out/>
  <testcase classname="tests.DataProviderMethod" name="testLogin" time="0.001"/>
  <system-out/>
  <testcase classname="tests.DataProviderMethod" name="testLogin" time="0.002"/>
  <system-out/>
</testsuite> <!-- tests.DataProviderMethod -->
