<?xml version="1.0" encoding="UTF-8"?>
<!-- Generated by org.testng.reporters.JUnitReportReporter -->
<testsuite hostname="DESKTOP-L34753V" failures="0" tests="18" name="tests.PatentsTest" time="4.519" errors="0" timestamp="2024-09-19T19:42:19 IST" skipped="0">
  <testcase classname="tests.PatentsTest" name="CGlogin" time="0.644"/>
  <system-out/>
  <testcase classname="tests.PatentsTest" name="ShowRoles" time="1.820"/>
  <system-out/>
  <testcase classname="tests.PatentsTest" name="SelectRoleProfessor" time="0.089"/>
  <system-out/>
  <testcase classname="tests.PatentsTest" name="Portfolios" time="0.247"/>
  <system-out/>
  <testcase classname="tests.PatentsTest" name="ViewPatents" time="0.408"/>
  <system-out/>
  <testcase classname="tests.PatentsTest" name="AddNewPatents" time="0.250"/>
  <system-out/>
  <testcase classname="tests.PatentsTest" name="TitleOfThePatentCopyrightIPRTitle" time="0.105"/>
  <system-out/>
  <testcase classname="tests.PatentsTest" name="ApplicationNumber" time="0.112"/>
  <system-out/>
  <testcase classname="tests.PatentsTest" name="CoInventors" time="0.097"/>
  <system-out/>
  <testcase classname="tests.PatentsTest" name="AssigneeIfApplicable" time="0.092"/>
  <system-out/>
  <testcase classname="tests.PatentsTest" name="FilingDate" time="0.146"/>
  <system-out/>
  <testcase classname="tests.PatentsTest" name="SelectedFilingDate" time="0.045"/>
  <system-out/>
  <testcase classname="tests.PatentsTest" name="IssueDate" time="0.123"/>
  <system-out/>
  <testcase classname="tests.PatentsTest" name="SelectedIssueDate" time="0.070"/>
  <system-out/>
  <testcase classname="tests.PatentsTest" name="EarningsFromPatentINR" time="0.074"/>
  <system-out/>
  <testcase classname="tests.PatentsTest" name="PatentCopyrightJurisdictions" time="0.072"/>
  <system-out/>
  <testcase classname="tests.PatentsTest" name="PatentStatus" time="0.075"/>
  <system-out/>
  <testcase classname="tests.PatentsTest" name="SelectedPatentStatus" time="0.050"/>
  <system-out/>
</testsuite> <!-- tests.PatentsTest -->
