<?xml version="1.0" encoding="UTF-8"?>
<!-- Generated by org.testng.reporters.JUnitReportReporter -->
<testsuite hostname="DESKTOP-L34753V" failures="0" tests="3" name="tests.AttendanceTest2" time="1.747" errors="0" timestamp="2024-11-07T11:51:03 IST" skipped="0">
  <testcase classname="tests.AttendanceTest2" name="CGlogin" time="0.560"/>
  <system-out/>
  <testcase classname="tests.AttendanceTest2" name="ShowInstitute" time="1.066"/>
  <system-out/>
  <testcase classname="tests.AttendanceTest2" name="SelectInstitute" time="0.121"/>
  <system-out/>
</testsuite> <!-- tests.AttendanceTest2 -->
