<?xml version="1.0" encoding="UTF-8"?>
<!-- Generated by org.testng.reporters.JUnitReportReporter -->
<testsuite hostname="DESKTOP-L34753V" failures="0" tests="9" name="tests.AdministratorMembershipTest" time="6.274" errors="0" timestamp="2024-09-11T16:04:32 IST" skipped="0">
  <testcase classname="tests.AdministratorMembershipTest" name="CGlogin" time="1.807"/>
  <system-out/>
  <testcase classname="tests.AdministratorMembershipTest" name="ShowRoles" time="1.844"/>
  <system-out/>
  <testcase classname="tests.AdministratorMembershipTest" name="SelectRoles" time="0.491"/>
  <system-out/>
  <testcase classname="tests.AdministratorMembershipTest" name="Portfolios" time="0.219"/>
  <system-out/>
  <testcase classname="tests.AdministratorMembershipTest" name="Faculty" time="0.214"/>
  <system-out/>
  <testcase classname="tests.AdministratorMembershipTest" name="ViewMembership1" time="0.235"/>
  <system-out/>
  <testcase classname="tests.AdministratorMembershipTest" name="ViewMembership2" time="0.994"/>
  <system-out/>
  <testcase classname="tests.AdministratorMembershipTest" name="Verify" time="0.367"/>
  <system-out/>
  <testcase classname="tests.AdministratorMembershipTest" name="Ok" time="0.103"/>
  <system-out/>
</testsuite> <!-- tests.AdministratorMembershipTest -->
