<?xml version="1.0" encoding="UTF-8"?>
<!-- Generated by org.testng.reporters.JUnitReportReporter -->
<testsuite hostname="DESKTOP-L34753V" failures="0" tests="107" name="tests.AdmissionsTest2" time="42.152" errors="0" timestamp="2024-11-21T16:27:28 IST" skipped="0">
  <testcase classname="tests.AdmissionsTest2" name="Showinstitude" time="0.099"/>
  <system-out/>
  <testcase classname="tests.AdmissionsTest2" name="Selectinstitude" time="0.096"/>
  <system-out/>
  <testcase classname="tests.AdmissionsTest2" name="ShowRole" time="0.090"/>
  <system-out/>
  <testcase classname="tests.AdmissionsTest2" name="SelectRole" time="0.174"/>
  <system-out/>
  <testcase classname="tests.AdmissionsTest2" name="SelectAdmissions" time="2.148"/>
  <system-out/>
  <testcase classname="tests.AdmissionsTest2" name="CreateNewAcademicCycle" time="0.058"/>
  <system-out/>
  <testcase classname="tests.AdmissionsTest2" name="ShowAcademicYears" time="0.144"/>
  <system-out/>
  <testcase classname="tests.AdmissionsTest2" name="SelectAcademicYears" time="0.131"/>
  <system-out/>
  <testcase classname="tests.AdmissionsTest2" name="EnterAcademicCycleName" time="0.132"/>
  <system-out/>
  <testcase classname="tests.AdmissionsTest2" name="SubmitBtn" time="0.097"/>
  <system-out/>
  <testcase classname="tests.AdmissionsTest2" name="OKbtn" time="2.095"/>
  <system-out/>
  <testcase classname="tests.AdmissionsTest2" name="ViewAcademicCycle" time="0.140"/>
  <system-out/>
  <testcase classname="tests.AdmissionsTest2" name="CreateNewAdmissionRegister" time="0.049"/>
  <system-out/>
  <testcase classname="tests.AdmissionsTest2" name="ShowAAT" time="0.104"/>
  <system-out/>
  <testcase classname="tests.AdmissionsTest2" name="SelectAAT" time="0.092"/>
  <system-out/>
  <testcase classname="tests.AdmissionsTest2" name="SubmitBtn2" time="0.129"/>
  <system-out/>
  <testcase classname="tests.AdmissionsTest2" name="ShowDepartment" time="0.115"/>
  <system-out/>
  <testcase classname="tests.AdmissionsTest2" name="SelectDepartment" time="0.110"/>
  <system-out/>
  <testcase classname="tests.AdmissionsTest2" name="ShowProgram" time="0.102"/>
  <system-out/>
  <testcase classname="tests.AdmissionsTest2" name="SelectProgram" time="0.166"/>
  <system-out/>
  <testcase classname="tests.AdmissionsTest2" name="ShowYear" time="0.118"/>
  <system-out/>
  <testcase classname="tests.AdmissionsTest2" name="SelectYear" time="0.160"/>
  <system-out/>
  <testcase classname="tests.AdmissionsTest2" name="Add" time="0.109"/>
  <system-out/>
  <testcase classname="tests.AdmissionsTest2" name="Create" time="0.050"/>
  <system-out/>
  <testcase classname="tests.AdmissionsTest2" name="View1" time="0.447"/>
  <system-out/>
  <testcase classname="tests.AdmissionsTest2" name="ApplicationForm" time="0.151"/>
  <system-out/>
  <testcase classname="tests.AdmissionsTest2" name="Edit1" time="0.099"/>
  <system-out/>
  <testcase classname="tests.AdmissionsTest2" name="Textboxinfo" time="0.152"/>
  <system-out/>
  <testcase classname="tests.AdmissionsTest2" name="Savebtn" time="0.081"/>
  <system-out/>
  <testcase classname="tests.AdmissionsTest2" name="OKbtn1" time="0.130"/>
  <system-out/>
  <testcase classname="tests.AdmissionsTest2" name="IntakeFormView" time="0.130"/>
  <system-out/>
  <testcase classname="tests.AdmissionsTest2" name="IntakeFormBack" time="0.186"/>
  <system-out/>
  <testcase classname="tests.AdmissionsTest2" name="Edit2" time="0.094"/>
  <system-out/>
  <testcase classname="tests.AdmissionsTest2" name="MedicoInfo" time="0.096"/>
  <system-out/>
  <testcase classname="tests.AdmissionsTest2" name="FamilyInfo" time="0.111"/>
  <system-out/>
  <testcase classname="tests.AdmissionsTest2" name="FinacInfo" time="0.079"/>
  <system-out/>
  <testcase classname="tests.AdmissionsTest2" name="UniqId" time="0.091"/>
  <system-out/>
  <testcase classname="tests.AdmissionsTest2" name="EductionInfo" time="0.089"/>
  <system-out/>
  <testcase classname="tests.AdmissionsTest2" name="PersonalInfo" time="0.085"/>
  <system-out/>
  <testcase classname="tests.AdmissionsTest2" name="SaveInfo" time="0.077"/>
  <system-out/>
  <testcase classname="tests.AdmissionsTest2" name="OkInfo" time="0.095"/>
  <system-out/>
  <testcase classname="tests.AdmissionsTest2" name="CreateCustom" time="0.139"/>
  <system-out/>
  <testcase classname="tests.AdmissionsTest2" name="NameCustom" time="0.133"/>
  <system-out/>
  <testcase classname="tests.AdmissionsTest2" name="SaveCustom" time="0.086"/>
  <system-out/>
  <testcase classname="tests.AdmissionsTest2" name="VIEW2" time="0.240"/>
  <system-out/>
  <testcase classname="tests.AdmissionsTest2" name="AddNewSection" time="0.082"/>
  <system-out/>
  <testcase classname="tests.AdmissionsTest2" name="SectionName" time="0.104"/>
  <system-out/>
  <testcase classname="tests.AdmissionsTest2" name="SectionNameSave" time="0.075"/>
  <system-out/>
  <testcase classname="tests.AdmissionsTest2" name="AddNewInputClick" time="0.387"/>
  <system-out/>
  <testcase classname="tests.AdmissionsTest2" name="Text" time="0.115"/>
  <system-out/>
  <testcase classname="tests.AdmissionsTest2" name="Label" time="0.063"/>
  <system-out/>
  <testcase classname="tests.AdmissionsTest2" name="Placeholder" time="0.086"/>
  <system-out/>
  <testcase classname="tests.AdmissionsTest2" name="AddText" time="0.084"/>
  <system-out/>
  <testcase classname="tests.AdmissionsTest2" name="AddNewInputClick1" time="0.079"/>
  <system-out/>
  <testcase classname="tests.AdmissionsTest2" name="Number" time="0.103"/>
  <system-out/>
  <testcase classname="tests.AdmissionsTest2" name="Label1" time="0.068"/>
  <system-out/>
  <testcase classname="tests.AdmissionsTest2" name="Placeholder1" time="0.090"/>
  <system-out/>
  <testcase classname="tests.AdmissionsTest2" name="AddNumber" time="0.071"/>
  <system-out/>
  <testcase classname="tests.AdmissionsTest2" name="AddNewInputClick2" time="0.079"/>
  <system-out/>
  <testcase classname="tests.AdmissionsTest2" name="PDFuploader" time="0.107"/>
  <system-out/>
  <testcase classname="tests.AdmissionsTest2" name="Label2" time="0.081"/>
  <system-out/>
  <testcase classname="tests.AdmissionsTest2" name="Placeholder2" time="0.094"/>
  <system-out/>
  <testcase classname="tests.AdmissionsTest2" name="AddPDF" time="0.074"/>
  <system-out/>
  <testcase classname="tests.AdmissionsTest2" name="AddNewInputClick3" time="0.088"/>
  <system-out/>
  <testcase classname="tests.AdmissionsTest2" name="Imageupload" time="0.115"/>
  <system-out/>
  <testcase classname="tests.AdmissionsTest2" name="Label3" time="0.074"/>
  <system-out/>
  <testcase classname="tests.AdmissionsTest2" name="Placeholder3" time="0.098"/>
  <system-out/>
  <testcase classname="tests.AdmissionsTest2" name="AddImage" time="0.077"/>
  <system-out/>
  <testcase classname="tests.AdmissionsTest2" name="AddNewInputClick4" time="0.096"/>
  <system-out/>
  <testcase classname="tests.AdmissionsTest2" name="Radiobutton" time="0.120"/>
  <system-out/>
  <testcase classname="tests.AdmissionsTest2" name="Label4" time="0.072"/>
  <system-out/>
  <testcase classname="tests.AdmissionsTest2" name="Placeholder4" time="0.184"/>
  <system-out/>
  <testcase classname="tests.AdmissionsTest2" name="Addoption1" time="0.092"/>
  <system-out/>
  <testcase classname="tests.AdmissionsTest2" name="AddRadio" time="0.076"/>
  <system-out/>
  <testcase classname="tests.AdmissionsTest2" name="AddNewInputClick6" time="0.030"/>
  <system-out/>
  <testcase classname="tests.AdmissionsTest2" name="Date" time="0.100"/>
  <system-out/>
  <testcase classname="tests.AdmissionsTest2" name="Label6" time="0.071"/>
  <system-out/>
  <testcase classname="tests.AdmissionsTest2" name="Placeholder6" time="0.089"/>
  <system-out/>
  <testcase classname="tests.AdmissionsTest2" name="AddDate" time="1.093"/>
  <system-out/>
  <testcase classname="tests.AdmissionsTest2" name="AddNewInputClick7" time="10.091"/>
  <system-out/>
  <testcase classname="tests.AdmissionsTest2" name="URL" time="1.200"/>
  <system-out/>
  <testcase classname="tests.AdmissionsTest2" name="Label7" time="1.075"/>
  <system-out/>
  <testcase classname="tests.AdmissionsTest2" name="Placeholder7" time="1.109"/>
  <system-out/>
  <testcase classname="tests.AdmissionsTest2" name="AddURL" time="1.113"/>
  <system-out/>
  <testcase classname="tests.AdmissionsTest2" name="BACK" time="1.110"/>
  <system-out/>
  <testcase classname="tests.AdmissionsTest2" name="ScrollUp1" time="0.016"/>
  <system-out/>
  <testcase classname="tests.AdmissionsTest2" name="NOTverified" time="8.120"/>
  <system-out/>
  <testcase classname="tests.AdmissionsTest2" name="verified" time="0.086"/>
  <system-out/>
  <testcase classname="tests.AdmissionsTest2" name="OKverified" time="0.113"/>
  <system-out/>
  <testcase classname="tests.AdmissionsTest2" name="BACKbtn" time="0.164"/>
  <system-out/>
  <testcase classname="tests.AdmissionsTest2" name="FEEtemplet" time="0.148"/>
  <system-out/>
  <testcase classname="tests.AdmissionsTest2" name="ADDnew" time="0.083"/>
  <system-out/>
  <testcase classname="tests.AdmissionsTest2" name="FeeLabelName" time="0.134"/>
  <system-out/>
  <testcase classname="tests.AdmissionsTest2" name="SAVEbtn" time="0.097"/>
  <system-out/>
  <testcase classname="tests.AdmissionsTest2" name="ManageOpen" time="2.055"/>
  <system-out/>
  <testcase classname="tests.AdmissionsTest2" name="PayableFEES" time="0.172"/>
  <system-out/>
  <testcase classname="tests.AdmissionsTest2" name="SCHOLARSHIP" time="0.113"/>
  <system-out/>
  <testcase classname="tests.AdmissionsTest2" name="FEESINSTALLMENT" time="0.097"/>
  <system-out/>
  <testcase classname="tests.AdmissionsTest2" name="SELECTdate" time="0.146"/>
  <system-out/>
  <testcase classname="tests.AdmissionsTest2" name="CLICKtoselect" time="0.163"/>
  <system-out/>
  <testcase classname="tests.AdmissionsTest2" name="SELECTdate1" time="0.118"/>
  <system-out/>
  <testcase classname="tests.AdmissionsTest2" name="CLICKtoselect1" time="0.131"/>
  <system-out/>
  <testcase classname="tests.AdmissionsTest2" name="CLICKsubmit" time="0.030"/>
  <system-out/>
  <testcase classname="tests.AdmissionsTest2" name="NOTverified2" time="0.368"/>
  <system-out/>
  <testcase classname="tests.AdmissionsTest2" name="verified2" time="0.185"/>
  <system-out/>
  <testcase classname="tests.AdmissionsTest2" name="OKverified2" time="0.030"/>
  <system-out/>
  <testcase classname="tests.AdmissionsTest2" name="FeesTemplateBack" time="0.069"/>
  <system-out/>
</testsuite> <!-- tests.AdmissionsTest2 -->
