<?xml version="1.0" encoding="UTF-8"?>
<!-- Generated by org.testng.reporters.JUnitReportReporter -->
<testsuite hostname="DESKTOP-L34753V" failures="0" tests="20" name="tests.CreateBulkIdCardsTest" time="16.933" errors="0" timestamp="2024-10-19T11:31:28 IST" skipped="0">
  <testcase classname="tests.CreateBulkIdCardsTest" name="CGlogin" time="1.230"/>
  <system-out/>
  <testcase classname="tests.CreateBulkIdCardsTest" name="ShowRoles" time="2.622"/>
  <system-out/>
  <testcase classname="tests.CreateBulkIdCardsTest" name="SelectRoleAdministrator" time="0.253"/>
  <system-out/>
  <testcase classname="tests.CreateBulkIdCardsTest" name="SelectIDcardModule" time="0.287"/>
  <system-out/>
  <testcase classname="tests.CreateBulkIdCardsTest" name="Showdepartments" time="3.190"/>
  <system-out/>
  <testcase classname="tests.CreateBulkIdCardsTest" name="Selectdepartment" time="0.332"/>
  <system-out/>
  <testcase classname="tests.CreateBulkIdCardsTest" name="Showprograms" time="0.142"/>
  <system-out/>
  <testcase classname="tests.CreateBulkIdCardsTest" name="Selectprogram" time="0.391"/>
  <system-out/>
  <testcase classname="tests.CreateBulkIdCardsTest" name="Showyear" time="0.294"/>
  <system-out/>
  <testcase classname="tests.CreateBulkIdCardsTest" name="Selectyear" time="0.822"/>
  <system-out/>
  <testcase classname="tests.CreateBulkIdCardsTest" name="Showsemester" time="0.144"/>
  <system-out/>
  <testcase classname="tests.CreateBulkIdCardsTest" name="Selectsemester" time="0.374"/>
  <system-out/>
  <testcase classname="tests.CreateBulkIdCardsTest" name="Showbatches" time="0.363"/>
  <system-out/>
  <testcase classname="tests.CreateBulkIdCardsTest" name="Selectbatch" time="0.123"/>
  <system-out/>
  <testcase classname="tests.CreateBulkIdCardsTest" name="Createbulk" time="0.113"/>
  <system-out/>
  <testcase classname="tests.CreateBulkIdCardsTest" name="okbtn" time="0.101"/>
  <system-out/>
  <testcase classname="tests.CreateBulkIdCardsTest" name="viewStudentsInfo" time="5.591"/>
  <system-out/>
  <testcase classname="tests.CreateBulkIdCardsTest" name="fullName" time="0.355"/>
  <system-out/>
  <testcase classname="tests.CreateBulkIdCardsTest" name="uploadImage" time="0.101"/>
  <system-out/>
  <testcase classname="tests.CreateBulkIdCardsTest" name="saveBtn" time="0.105"/>
  <system-out/>
</testsuite> <!-- tests.CreateBulkIdCardsTest -->
