<?xml version="1.0" encoding="UTF-8"?>
<!-- Generated by org.testng.reporters.JUnitReportReporter -->
<testsuite hostname="DESKTOP-L34753V" failures="0" tests="8" name="tests.IDcard1Test" time="11.739" errors="0" timestamp="2024-10-17T08:40:16 IST" skipped="0">
  <testcase classname="tests.IDcard1Test" name="CGlogin" time="0.484"/>
  <system-out/>
  <testcase classname="tests.IDcard1Test" name="ShowRoles" time="1.512"/>
  <system-out/>
  <testcase classname="tests.IDcard1Test" name="SelectRoleAdministrator" time="0.079"/>
  <system-out/>
  <testcase classname="tests.IDcard1Test" name="SelectIDcardModule" time="0.389"/>
  <system-out/>
  <testcase classname="tests.IDcard1Test" name="SearchByName" time="1.083"/>
  <system-out/>
  <testcase classname="tests.IDcard1Test" name="View" time="2.088"/>
  <system-out/>
  <testcase classname="tests.IDcard1Test" name="Print1" time="4.751"/>
  <system-out/>
  <testcase classname="tests.IDcard1Test" name="Print2" time="1.353"/>
  <system-out/>
</testsuite> <!-- tests.IDcard1Test -->
