<?xml version="1.0" encoding="UTF-8"?>
<!-- Generated by org.testng.reporters.JUnitReportReporter -->
<testsuite hostname="DESKTOP-L34753V" failures="0" tests="9" name="tests.PrintIdTest" time="11.161" errors="1" timestamp="2024-11-02T09:51:54 IST" skipped="0">
  <testcase classname="tests.PrintIdTest" name="CGlogin" time="1.313"/>
  <system-out/>
  <testcase classname="tests.PrintIdTest" name="ShowRoles" time="1.906"/>
  <system-out/>
  <testcase classname="tests.PrintIdTest" name="SelectRoleAdministrator" time="0.196"/>
  <system-out/>
  <testcase classname="tests.PrintIdTest" name="SelectIDcardModule" time="0.574"/>
  <system-out/>
  <testcase classname="tests.PrintIdTest" name="SearchByName" time="1.962"/>
  <system-out/>
  <testcase classname="tests.PrintIdTest" name="View" time="2.296"/>
  <system-out/>
  <testcase classname="tests.PrintIdTest" name="SC" time="0.011">
    <error message="Unresolved compilation problem: 
	FILE cannot be resolved or is not a field
" type="java.lang.Error">
      <![CDATA[java.lang.Error: Unresolved compilation problem: 
FILE cannot be resolved or is not a field

at tests.PrintIdTest.SC(PrintIdTest.java:73)
at java.base/jdk.internal.reflect.DirectMethodHandleAccessor.invoke(DirectMethodHandleAccessor.java:103)
at java.base/java.lang.reflect.Method.invoke(Method.java:580)
at org.testng.internal.MethodInvocationHelper.invokeMethod(MethodInvocationHelper.java:133)
at org.testng.internal.TestInvoker.invokeMethod(TestInvoker.java:598)
at org.testng.internal.TestInvoker.invokeTestMethod(TestInvoker.java:173)
at org.testng.internal.MethodRunner.runInSequence(MethodRunner.java:46)
at org.testng.internal.TestInvoker$MethodInvocationAgent.invoke(TestInvoker.java:824)
at org.testng.internal.TestInvoker.invokeTestMethods(TestInvoker.java:146)
at org.testng.internal.TestMethodWorker.invokeTestMethods(TestMethodWorker.java:146)
at org.testng.internal.TestMethodWorker.run(TestMethodWorker.java:128)
at java.base/java.util.ArrayList.forEach(ArrayList.java:1597)
at org.testng.TestRunner.privateRun(TestRunner.java:794)
at org.testng.TestRunner.run(TestRunner.java:596)
at org.testng.SuiteRunner.runTest(SuiteRunner.java:377)
at org.testng.SuiteRunner.runSequentially(SuiteRunner.java:371)
at org.testng.SuiteRunner.privateRun(SuiteRunner.java:332)
at org.testng.SuiteRunner.run(SuiteRunner.java:276)
at org.testng.SuiteRunnerWorker.runSuite(SuiteRunnerWorker.java:53)
at org.testng.SuiteRunnerWorker.run(SuiteRunnerWorker.java:96)
at org.testng.TestNG.runSuitesSequentially(TestNG.java:1212)
at org.testng.TestNG.runSuitesLocally(TestNG.java:1134)
at org.testng.TestNG.runSuites(TestNG.java:1063)
at org.testng.TestNG.run(TestNG.java:1031)
at org.testng.remote.AbstractRemoteTestNG.run(AbstractRemoteTestNG.java:115)
at org.testng.remote.RemoteTestNG.initAndRun(RemoteTestNG.java:293)
at org.testng.remote.RemoteTestNG.main(RemoteTestNG.java:91)
]]>
    </error>
  </testcase> <!-- SC -->
  <system-out/>
  <testcase classname="tests.PrintIdTest" name="Print1" time="1.130"/>
  <system-out/>
  <testcase classname="tests.PrintIdTest" name="Print2" time="1.773"/>
  <system-out/>
</testsuite> <!-- tests.PrintIdTest -->
