<?xml version="1.0" encoding="UTF-8"?>
<!-- Generated by org.testng.reporters.JUnitReportReporter -->
<testsuite hostname="DESKTOP-L34753V" failures="0" tests="153" name="tests.AdmissionsTest" time="78.441" errors="0" timestamp="2024-11-26T17:37:29 IST" skipped="0">
  <testcase classname="tests.AdmissionsTest" name="Showinstitude" time="0.101"/>
  <system-out/>
  <testcase classname="tests.AdmissionsTest" name="Selectinstitude" time="0.092"/>
  <system-out/>
  <testcase classname="tests.AdmissionsTest" name="ShowRole" time="0.078"/>
  <system-out/>
  <testcase classname="tests.AdmissionsTest" name="SelectRole" time="0.132"/>
  <system-out/>
  <testcase classname="tests.AdmissionsTest" name="SelectAdmissions" time="0.121"/>
  <system-out/>
  <testcase classname="tests.AdmissionsTest" name="CreateNewAcademicCycle" time="0.211"/>
  <system-out/>
  <testcase classname="tests.AdmissionsTest" name="ShowAcademicYears" time="0.119"/>
  <system-out/>
  <testcase classname="tests.AdmissionsTest" name="SelectAcademicYears" time="0.098"/>
  <system-out/>
  <testcase classname="tests.AdmissionsTest" name="EnterAcademicCycleName" time="0.126"/>
  <system-out/>
  <testcase classname="tests.AdmissionsTest" name="SubmitBtn" time="0.106"/>
  <system-out/>
  <testcase classname="tests.AdmissionsTest" name="OKbtn" time="2.113"/>
  <system-out/>
  <testcase classname="tests.AdmissionsTest" name="ViewAcademicCycle" time="0.338"/>
  <system-out/>
  <testcase classname="tests.AdmissionsTest" name="CreateNewAdmissionRegister" time="0.139"/>
  <system-out/>
  <testcase classname="tests.AdmissionsTest" name="ShowAAT" time="0.130"/>
  <system-out/>
  <testcase classname="tests.AdmissionsTest" name="SelectAAT" time="0.170"/>
  <system-out/>
  <testcase classname="tests.AdmissionsTest" name="SubmitBtn2" time="0.096"/>
  <system-out/>
  <testcase classname="tests.AdmissionsTest" name="ShowDepartment" time="0.103"/>
  <system-out/>
  <testcase classname="tests.AdmissionsTest" name="SelectDepartment" time="0.131"/>
  <system-out/>
  <testcase classname="tests.AdmissionsTest" name="ShowProgram" time="0.095"/>
  <system-out/>
  <testcase classname="tests.AdmissionsTest" name="SelectProgram" time="0.167"/>
  <system-out/>
  <testcase classname="tests.AdmissionsTest" name="ShowYear" time="0.108"/>
  <system-out/>
  <testcase classname="tests.AdmissionsTest" name="SelectYear" time="0.110"/>
  <system-out/>
  <testcase classname="tests.AdmissionsTest" name="Add" time="0.029"/>
  <system-out/>
  <testcase classname="tests.AdmissionsTest" name="Create" time="0.037"/>
  <system-out/>
  <testcase classname="tests.AdmissionsTest" name="view" time="0.564"/>
  <system-out/>
  <testcase classname="tests.AdmissionsTest" name="AdmissionDetails" time="0.100"/>
  <system-out/>
  <testcase classname="tests.AdmissionsTest" name="EditBasicInformation" time="0.116"/>
  <system-out/>
  <testcase classname="tests.AdmissionsTest" name="EditDate" time="0.076"/>
  <system-out/>
  <testcase classname="tests.AdmissionsTest" name="ShowDate" time="0.119"/>
  <system-out/>
  <testcase classname="tests.AdmissionsTest" name="SelectDate" time="0.090"/>
  <system-out/>
  <testcase classname="tests.AdmissionsTest" name="Save" time="0.049"/>
  <system-out/>
  <testcase classname="tests.AdmissionsTest" name="OKbtn2" time="2.166"/>
  <system-out/>
  <testcase classname="tests.AdmissionsTest" name="AdmissionDetailsBack" time="0.033"/>
  <system-out/>
  <testcase classname="tests.AdmissionsTest" name="AddURLL" time="0.096"/>
  <system-out/>
  <testcase classname="tests.AdmissionsTest" name="EnterWebsite" time="0.142"/>
  <system-out/>
  <testcase classname="tests.AdmissionsTest" name="EnterBrochureName" time="0.115"/>
  <system-out/>
  <testcase classname="tests.AdmissionsTest" name="UploadBrochure" time="0.055"/>
  <system-out/>
  <testcase classname="tests.AdmissionsTest" name="SaveURL" time="9.116"/>
  <system-out/>
  <testcase classname="tests.AdmissionsTest" name="ShowProgramDetails" time="0.028"/>
  <system-out/>
  <testcase classname="tests.AdmissionsTest" name="OKbtn3" time="2.085"/>
  <system-out/>
  <testcase classname="tests.AdmissionsTest" name="ShowProgramOutcomes" time="0.032"/>
  <system-out/>
  <testcase classname="tests.AdmissionsTest" name="OKbtn4" time="2.103"/>
  <system-out/>
  <testcase classname="tests.AdmissionsTest" name="ShowVerified" time="0.077"/>
  <system-out/>
  <testcase classname="tests.AdmissionsTest" name="SelectVerified" time="0.170"/>
  <system-out/>
  <testcase classname="tests.AdmissionsTest" name="OKbtn7" time="2.100"/>
  <system-out/>
  <testcase classname="tests.AdmissionsTest" name="AdmissionDetailsBack2" time="0.078"/>
  <system-out/>
  <testcase classname="tests.AdmissionsTest" name="IntakeSetup" time="0.199"/>
  <system-out/>
  <testcase classname="tests.AdmissionsTest" name="EditIntake1" time="0.085"/>
  <system-out/>
  <testcase classname="tests.AdmissionsTest" name="Category1" time="0.090"/>
  <system-out/>
  <testcase classname="tests.AdmissionsTest" name="Category2" time="0.074"/>
  <system-out/>
  <testcase classname="tests.AdmissionsTest" name="Category3" time="0.075"/>
  <system-out/>
  <testcase classname="tests.AdmissionsTest" name="Category4" time="0.075"/>
  <system-out/>
  <testcase classname="tests.AdmissionsTest" name="Category5" time="0.080"/>
  <system-out/>
  <testcase classname="tests.AdmissionsTest" name="Save1" time="0.024"/>
  <system-out/>
  <testcase classname="tests.AdmissionsTest" name="OKbtn5" time="2.112"/>
  <system-out/>
  <testcase classname="tests.AdmissionsTest" name="EditIntake2" time="0.084"/>
  <system-out/>
  <testcase classname="tests.AdmissionsTest" name="Category19" time="0.076"/>
  <system-out/>
  <testcase classname="tests.AdmissionsTest" name="Category20" time="0.071"/>
  <system-out/>
  <testcase classname="tests.AdmissionsTest" name="Save2" time="0.025"/>
  <system-out/>
  <testcase classname="tests.AdmissionsTest" name="OKbtn6" time="2.086"/>
  <system-out/>
  <testcase classname="tests.AdmissionsTest" name="ViewIntakeBack" time="2.036"/>
  <system-out/>
  <testcase classname="tests.AdmissionsTest" name="ShowVerifiedIntake" time="5.093"/>
  <system-out/>
  <testcase classname="tests.AdmissionsTest" name="SelectVerifiedIntake" time="0.171"/>
  <system-out/>
  <testcase classname="tests.AdmissionsTest" name="OKbtn11" time="2.094"/>
  <system-out/>
  <testcase classname="tests.AdmissionsTest" name="ViewAdmissionDetais" time="0.018"/>
  <system-out/>
  <testcase classname="tests.AdmissionsTest" name="IntakeSetupBack" time="0.057"/>
  <system-out/>
  <testcase classname="tests.AdmissionsTest" name="ApplicationForm" time="0.167"/>
  <system-out/>
  <testcase classname="tests.AdmissionsTest" name="Edit1" time="0.084"/>
  <system-out/>
  <testcase classname="tests.AdmissionsTest" name="Textboxinfo" time="0.138"/>
  <system-out/>
  <testcase classname="tests.AdmissionsTest" name="Savebtn" time="0.081"/>
  <system-out/>
  <testcase classname="tests.AdmissionsTest" name="OKbtn1" time="0.105"/>
  <system-out/>
  <testcase classname="tests.AdmissionsTest" name="IntakeFormView" time="0.129"/>
  <system-out/>
  <testcase classname="tests.AdmissionsTest" name="IntakeFormBack" time="0.088"/>
  <system-out/>
  <testcase classname="tests.AdmissionsTest" name="Edit2" time="0.101"/>
  <system-out/>
  <testcase classname="tests.AdmissionsTest" name="MedicoInfo" time="0.088"/>
  <system-out/>
  <testcase classname="tests.AdmissionsTest" name="FamilyInfo" time="0.097"/>
  <system-out/>
  <testcase classname="tests.AdmissionsTest" name="FinacInfo" time="0.082"/>
  <system-out/>
  <testcase classname="tests.AdmissionsTest" name="UniqId" time="0.117"/>
  <system-out/>
  <testcase classname="tests.AdmissionsTest" name="EductionInfo" time="0.080"/>
  <system-out/>
  <testcase classname="tests.AdmissionsTest" name="PersonalInfo" time="0.088"/>
  <system-out/>
  <testcase classname="tests.AdmissionsTest" name="SaveInfo" time="0.078"/>
  <system-out/>
  <testcase classname="tests.AdmissionsTest" name="OkInfo" time="0.111"/>
  <system-out/>
  <testcase classname="tests.AdmissionsTest" name="CreateCustom" time="0.127"/>
  <system-out/>
  <testcase classname="tests.AdmissionsTest" name="NameCustom" time="0.121"/>
  <system-out/>
  <testcase classname="tests.AdmissionsTest" name="SaveCustom" time="0.084"/>
  <system-out/>
  <testcase classname="tests.AdmissionsTest" name="VIEW2" time="0.299"/>
  <system-out/>
  <testcase classname="tests.AdmissionsTest" name="AddNewSection" time="0.088"/>
  <system-out/>
  <testcase classname="tests.AdmissionsTest" name="SectionName" time="0.116"/>
  <system-out/>
  <testcase classname="tests.AdmissionsTest" name="SectionNameSave" time="0.085"/>
  <system-out/>
  <testcase classname="tests.AdmissionsTest" name="AddNewInputClick" time="0.384"/>
  <system-out/>
  <testcase classname="tests.AdmissionsTest" name="Text" time="0.105"/>
  <system-out/>
  <testcase classname="tests.AdmissionsTest" name="Label" time="0.064"/>
  <system-out/>
  <testcase classname="tests.AdmissionsTest" name="Placeholder" time="0.115"/>
  <system-out/>
  <testcase classname="tests.AdmissionsTest" name="AddText" time="0.083"/>
  <system-out/>
  <testcase classname="tests.AdmissionsTest" name="AddNewInputClick1" time="0.089"/>
  <system-out/>
  <testcase classname="tests.AdmissionsTest" name="Number" time="0.091"/>
  <system-out/>
  <testcase classname="tests.AdmissionsTest" name="Label1" time="0.072"/>
  <system-out/>
  <testcase classname="tests.AdmissionsTest" name="Placeholder1" time="0.084"/>
  <system-out/>
  <testcase classname="tests.AdmissionsTest" name="AddNumber" time="0.070"/>
  <system-out/>
  <testcase classname="tests.AdmissionsTest" name="AddNewInputClick2" time="0.083"/>
  <system-out/>
  <testcase classname="tests.AdmissionsTest" name="PDFuploader" time="0.107"/>
  <system-out/>
  <testcase classname="tests.AdmissionsTest" name="Label2" time="0.072"/>
  <system-out/>
  <testcase classname="tests.AdmissionsTest" name="Placeholder2" time="0.092"/>
  <system-out/>
  <testcase classname="tests.AdmissionsTest" name="AddPDF" time="0.069"/>
  <system-out/>
  <testcase classname="tests.AdmissionsTest" name="AddNewInputClick3" time="0.178"/>
  <system-out/>
  <testcase classname="tests.AdmissionsTest" name="Imageupload" time="0.112"/>
  <system-out/>
  <testcase classname="tests.AdmissionsTest" name="Label3" time="0.075"/>
  <system-out/>
  <testcase classname="tests.AdmissionsTest" name="Placeholder3" time="0.084"/>
  <system-out/>
  <testcase classname="tests.AdmissionsTest" name="AddImage" time="0.076"/>
  <system-out/>
  <testcase classname="tests.AdmissionsTest" name="AddNewInputClick4" time="0.073"/>
  <system-out/>
  <testcase classname="tests.AdmissionsTest" name="Radiobutton" time="0.114"/>
  <system-out/>
  <testcase classname="tests.AdmissionsTest" name="Label4" time="0.070"/>
  <system-out/>
  <testcase classname="tests.AdmissionsTest" name="Placeholder4" time="0.175"/>
  <system-out/>
  <testcase classname="tests.AdmissionsTest" name="Addoption1" time="0.092"/>
  <system-out/>
  <testcase classname="tests.AdmissionsTest" name="AddRadio" time="0.082"/>
  <system-out/>
  <testcase classname="tests.AdmissionsTest" name="AddNewInputClick6" time="0.026"/>
  <system-out/>
  <testcase classname="tests.AdmissionsTest" name="Date" time="0.104"/>
  <system-out/>
  <testcase classname="tests.AdmissionsTest" name="Label6" time="0.069"/>
  <system-out/>
  <testcase classname="tests.AdmissionsTest" name="Placeholder6" time="0.086"/>
  <system-out/>
  <testcase classname="tests.AdmissionsTest" name="AddDate" time="1.103"/>
  <system-out/>
  <testcase classname="tests.AdmissionsTest" name="AddNewInputClick7" time="10.086"/>
  <system-out/>
  <testcase classname="tests.AdmissionsTest" name="URL" time="1.098"/>
  <system-out/>
  <testcase classname="tests.AdmissionsTest" name="Label7" time="1.084"/>
  <system-out/>
  <testcase classname="tests.AdmissionsTest" name="Placeholder7" time="1.104"/>
  <system-out/>
  <testcase classname="tests.AdmissionsTest" name="AddURL" time="1.090"/>
  <system-out/>
  <testcase classname="tests.AdmissionsTest" name="BACK" time="1.129"/>
  <system-out/>
  <testcase classname="tests.AdmissionsTest" name="ScrollUp1" time="0.012"/>
  <system-out/>
  <testcase classname="tests.AdmissionsTest" name="NOTverified" time="8.091"/>
  <system-out/>
  <testcase classname="tests.AdmissionsTest" name="verified" time="0.098"/>
  <system-out/>
  <testcase classname="tests.AdmissionsTest" name="OKverified" time="0.115"/>
  <system-out/>
  <testcase classname="tests.AdmissionsTest" name="BACKbtn" time="0.142"/>
  <system-out/>
  <testcase classname="tests.AdmissionsTest" name="FEEtemplet" time="0.127"/>
  <system-out/>
  <testcase classname="tests.AdmissionsTest" name="ADDnew" time="0.080"/>
  <system-out/>
  <testcase classname="tests.AdmissionsTest" name="FeeLabelName" time="0.154"/>
  <system-out/>
  <testcase classname="tests.AdmissionsTest" name="SAVEbtn" time="0.094"/>
  <system-out/>
  <testcase classname="tests.AdmissionsTest" name="ManageOpen" time="2.066"/>
  <system-out/>
  <testcase classname="tests.AdmissionsTest" name="PayableFEES" time="0.165"/>
  <system-out/>
  <testcase classname="tests.AdmissionsTest" name="SCHOLARSHIP" time="0.110"/>
  <system-out/>
  <testcase classname="tests.AdmissionsTest" name="FEESINSTALLMENT" time="0.081"/>
  <system-out/>
  <testcase classname="tests.AdmissionsTest" name="SELECTdate" time="0.157"/>
  <system-out/>
  <testcase classname="tests.AdmissionsTest" name="CLICKtoselect" time="0.116"/>
  <system-out/>
  <testcase classname="tests.AdmissionsTest" name="SELECTdate1" time="0.119"/>
  <system-out/>
  <testcase classname="tests.AdmissionsTest" name="CLICKtoselect1" time="0.200"/>
  <system-out/>
  <testcase classname="tests.AdmissionsTest" name="CLICKsubmit" time="0.037"/>
  <system-out/>
  <testcase classname="tests.AdmissionsTest" name="NOTverified2" time="0.350"/>
  <system-out/>
  <testcase classname="tests.AdmissionsTest" name="verified2" time="0.162"/>
  <system-out/>
  <testcase classname="tests.AdmissionsTest" name="OKverified2" time="0.027"/>
  <system-out/>
  <testcase classname="tests.AdmissionsTest" name="FeesTemplateBack" time="0.065"/>
  <system-out/>
  <testcase classname="tests.AdmissionsTest" name="DisplayOnAdmissionPortal" time="0.105"/>
  <system-out/>
  <testcase classname="tests.AdmissionsTest" name="OKbtn8" time="2.124"/>
  <system-out/>
  <testcase classname="tests.AdmissionsTest" name="Draft" time="0.070"/>
  <system-out/>
  <testcase classname="tests.AdmissionsTest" name="Live" time="0.164"/>
  <system-out/>
  <testcase classname="tests.AdmissionsTest" name="OKbtn9" time="2.081"/>
  <system-out/>
</testsuite> <!-- tests.AdmissionsTest -->
