<?xml version="1.0" encoding="UTF-8"?>
<!-- Generated by org.testng.reporters.JUnitReportReporter -->
<testsuite hostname="DESKTOP-L34753V" failures="0" tests="21" name="tests.IDCardHistoryTest" time="7.647" errors="0" timestamp="2024-10-21T15:03:25 IST" skipped="0">
  <testcase classname="tests.IDCardHistoryTest" name="CGlogin" time="0.586"/>
  <system-out/>
  <testcase classname="tests.IDCardHistoryTest" name="ShowInstitudes" time="1.335"/>
  <system-out/>
  <testcase classname="tests.IDCardHistoryTest" name="ShowRoles" time="0.818"/>
  <system-out/>
  <testcase classname="tests.IDCardHistoryTest" name="SelectRoleAdministrator" time="0.080"/>
  <system-out/>
  <testcase classname="tests.IDCardHistoryTest" name="SelectIDcardModule" time="0.421"/>
  <system-out/>
  <testcase classname="tests.IDCardHistoryTest" name="History" time="0.487"/>
  <system-out/>
  <testcase classname="tests.IDCardHistoryTest" name="SearchName" time="0.379"/>
  <system-out/>
  <testcase classname="tests.IDCardHistoryTest" name="view" time="0.077"/>
  <system-out/>
  <testcase classname="tests.IDCardHistoryTest" name="back" time="0.290"/>
  <system-out/>
  <testcase classname="tests.IDCardHistoryTest" name="Showdepartments" time="0.273"/>
  <system-out/>
  <testcase classname="tests.IDCardHistoryTest" name="Selectdepartment" time="0.321"/>
  <system-out/>
  <testcase classname="tests.IDCardHistoryTest" name="Showprograms" time="0.192"/>
  <system-out/>
  <testcase classname="tests.IDCardHistoryTest" name="Selectprogram" time="0.320"/>
  <system-out/>
  <testcase classname="tests.IDCardHistoryTest" name="Showyear" time="0.302"/>
  <system-out/>
  <testcase classname="tests.IDCardHistoryTest" name="Selectyear" time="0.318"/>
  <system-out/>
  <testcase classname="tests.IDCardHistoryTest" name="Showsemester" time="0.218"/>
  <system-out/>
  <testcase classname="tests.IDCardHistoryTest" name="Selectsemester" time="0.289"/>
  <system-out/>
  <testcase classname="tests.IDCardHistoryTest" name="Showbatches" time="0.201"/>
  <system-out/>
  <testcase classname="tests.IDCardHistoryTest" name="Selectbatch" time="0.316"/>
  <system-out/>
  <testcase classname="tests.IDCardHistoryTest" name="viewbtn" time="0.197"/>
  <system-out/>
  <testcase classname="tests.IDCardHistoryTest" name="goback" time="0.227"/>
  <system-out/>
</testsuite> <!-- tests.IDCardHistoryTest -->
